<?xml version="1.0" encoding="UTF-8"?>
<!-- Generated by org.testng.reporters.JUnitReportReporter -->
<testsuite hostname="LAPTOP-UG5S8S2B" failures="0" tests="2" name="udemydemo.ParamTest1" time="0.011" errors="0" timestamp="2021-01-16T20:42:42 IST" skipped="0">
  <testcase classname="udemydemo.ParamTest1" name="Sum" time="0.009"/>
  <system-out/>
  <testcase classname="udemydemo.ParamTest1" name="Diff" time="0.002"/>
  <system-out/>
</testsuite> <!-- udemydemo.ParamTest1 -->
