<?xml version="1.0" encoding="UTF-8"?>
<!-- Generated by org.testng.reporters.JUnitReportReporter -->
<testsuite hostname="LAPTOP-UG5S8S2B" failures="0" tests="1" name="udemydemo.NoParameterWithTestNGXML" time="10.186" errors="0" timestamp="2021-01-16T20:10:04 IST" skipped="0">
  <testcase classname="udemydemo.NoParameterWithTestNGXML" name="testNoParameter" time="10.186"/>
  <system-out/>
</testsuite> <!-- udemydemo.NoParameterWithTestNGXML -->
