<?xml version="1.0" encoding="UTF-8"?>
<!-- Generated by org.testng.reporters.JUnitReportReporter -->
<testsuite hostname="LAPTOP-UG5S8S2B" failures="0" tests="2" name="udemydemo.NewTest" time="95.086" errors="0" timestamp="2021-01-13T11:05:03 IST" skipped="0">
  <testcase classname="udemydemo.NewTest" name="getTextExample" time="0.039"/>
  <system-out/>
  <testcase classname="udemydemo.NewTest" name="printTextExample" time="95.047"/>
  <system-out/>
</testsuite> <!-- udemydemo.NewTest -->
