<?xml version="1.0" encoding="UTF-8"?>
<!-- Generated by org.testng.reporters.JUnitReportReporter -->
<testsuite hostname="LAPTOP-UG5S8S2B" failures="0" tests="2" name="udemydemo.day1" time="0.017" errors="0" timestamp="2021-01-18T12:21:05 IST" skipped="0">
  <testcase classname="udemydemo.day1" name="SmokeTest1" time="0.014"/>
  <system-out/>
  <testcase classname="udemydemo.day1" name="test" time="0.003"/>
  <system-out/>
</testsuite> <!-- udemydemo.day1 -->
