<?xml version="1.0" encoding="UTF-8"?>
<!-- Generated by org.testng.reporters.JUnitReportReporter -->
<testsuite hostname="LAPTOP-UG5S8S2B" failures="0" tests="3" name="udemydemo.ParameterByDataprovider" time="9.802" errors="0" timestamp="2021-01-17T20:46:48 IST" skipped="0">
  <testcase classname="udemydemo.ParameterByDataprovider" name="testMethod" time="3.248"/>
  <system-out/>
  <testcase classname="udemydemo.ParameterByDataprovider" name="testMethod" time="3.236"/>
  <system-out/>
  <testcase classname="udemydemo.ParameterByDataprovider" name="testMethod" time="3.318"/>
  <system-out/>
</testsuite> <!-- udemydemo.ParameterByDataprovider -->
