<?xml version="1.0" encoding="UTF-8"?>
<!-- Generated by org.testng.reporters.JUnitReportReporter -->
<testsuite hostname="LAPTOP-UG5S8S2B" failures="0" tests="1" name="udemydemo.myclass" time="15.323" errors="0" timestamp="2021-01-14T08:33:15 IST" skipped="0">
  <testcase classname="udemydemo.myclass" name="verifyHomePageTitle" time="15.323"/>
  <system-out/>
</testsuite> <!-- udemydemo.myclass -->
