<?xml version="1.0" encoding="UTF-8"?>
<!-- Generated by org.testng.reporters.JUnitReportReporter -->
<testsuite hostname="LAPTOP-UG5S8S2B" failures="0" tests="3" name="udemydemo.day3" time="0.016" errors="0" timestamp="2021-01-18T12:21:05 IST" skipped="0">
  <testcase classname="udemydemo.day3" name="MobileLoging" time="0.005"/>
  <system-out/>
  <testcase classname="udemydemo.day3" name="MobileSignOut" time="0.003"/>
  <system-out/>
  <testcase classname="udemydemo.day3" name="MobileLogout" time="0.008"/>
  <system-out/>
</testsuite> <!-- udemydemo.day3 -->
