<?xml version="1.0" encoding="UTF-8"?>
<!-- Generated by org.testng.reporters.JUnitReportReporter -->
<testsuite hostname="LAPTOP-UG5S8S2B" failures="0" tests="2" name="udemydemo.B2bLogin" time="12.004" errors="0" timestamp="2021-03-09T10:43:47 IST" skipped="0">
  <testcase classname="udemydemo.B2bLogin" name="manageVendors" time="9.769"/>
  <system-out/>
  <testcase classname="udemydemo.B2bLogin" name="MerchantPortal" time="2.235"/>
  <system-out/>
</testsuite> <!-- udemydemo.B2bLogin -->
