<?xml version="1.0" encoding="UTF-8"?>
<!-- Generated by org.testng.reporters.JUnitReportReporter -->
<testsuite hostname="LAPTOP-UG5S8S2B" failures="0" tests="2" name="udemydemo.day4" time="0.009" errors="0" timestamp="2021-01-18T12:21:05 IST" skipped="0">
  <testcase classname="udemydemo.day4" name="LoginAPIHomeLoan" time="0.004"/>
  <system-out/>
  <testcase classname="udemydemo.day4" name="WebLogingHomeLoan" time="0.005"/>
  <system-out/>
</testsuite> <!-- udemydemo.day4 -->
